<?xml version="1.0" encoding="UTF-8"?>
<!-- Generated by org.testng.reporters.JUnitReportReporter -->
<testsuite hostname="DESKTOP-08RUGT9" failures="0" tests="1" name="com.bank.testcases.TC_LoginTest_001" time="18.341" errors="0" timestamp="2023-02-22T17:18:17 IST" skipped="0">
  <testcase classname="com.bank.testcases.TC_LoginTest_001" name="logiTest" time="18.341"/>
  <system-out/>
</testsuite> <!-- com.bank.testcases.TC_LoginTest_001 -->
